<?xml version="1.0" encoding="UTF-8"?>
<!-- Generated by org.testng.reporters.JUnitReportReporter -->
<testsuite name="com.demo.tc.TestCase1" tests="1" time="0.042" ignored="0" failures="0" timestamp="28 Jan 2018 14:14:20 GMT" skipped="0" hostname="windows-PC" errors="0">
  <testcase name="tc1" time="0.042" classname="com.demo.tc.TestCase1"/>
</testsuite> <!-- com.demo.tc.TestCase1 -->
